#-----------------------------------------------------------
# Vivado v2019.1 (64-bit)
# SW Build 2552052 on Fri May 24 14:49:42 MDT 2019
# IP Build 2548770 on Fri May 24 18:01:18 MDT 2019
# Start of session at: Thu Oct 31 13:01:45 2019
# Process ID: 6140
# Current directory: C:/Users/justi/Desktop/CPE-487-Musical-Brick-Breaker/Lab 6
# Command line: vivado.exe -gui_launcher_event rodinguilauncherevent5272 C:\Users\justi\Desktop\CPE-487-Musical-Brick-Breaker\Lab 6\Lab 6.xpr
# Log file: C:/Users/justi/Desktop/CPE-487-Musical-Brick-Breaker/Lab 6/vivado.log
# Journal file: C:/Users/justi/Desktop/CPE-487-Musical-Brick-Breaker/Lab 6\vivado.jou
#-----------------------------------------------------------
start_gui
open_project {C:/Users/justi/Desktop/CPE-487-Musical-Brick-Breaker/Lab 6/Lab 6.xpr}
INFO: [Project 1-313] Project file moved from 'C:/Users/justi/Lab 6' since last save.
Scanning sources...
Finished scanning sources
INFO: [IP_Flow 19-234] Refreshing IP repositories
INFO: [IP_Flow 19-1704] No user IP repositories specified
INFO: [IP_Flow 19-2313] Loaded Vivado IP repository 'C:/Xilinx/Vivado/2019.1/data/ip'.
open_project: Time (s): cpu = 00:00:22 ; elapsed = 00:00:10 . Memory (MB): peak = 726.184 ; gain = 82.227
update_compile_order -fileset sources_1
exit
INFO: [Common 17-206] Exiting Vivado at Thu Oct 31 13:36:23 2019...

